{
  "stats": {
    "suites": 1,
    "tests": 2,
    "passes": 2,
    "pending": 0,
    "failures": 0,
    "start": "2021-12-06T03:32:58.532Z",
    "end": "2021-12-06T03:32:59.632Z",
    "duration": 1100,
    "testsRegistered": 2,
    "passPercent": 100,
    "pendingPercent": 0,
    "other": 0,
    "hasOther": false,
    "skipped": 0,
    "hasSkipped": false
  },
  "results": [
    {
      "uuid": "a6e8d6d4-13af-4796-825f-b4310ce92ca3",
      "title": "",
      "fullFile": "cypress/integration/listagem.spec.js",
      "file": "cypress/integration/listagem.spec.js",
      "beforeHooks": [],
      "afterHooks": [],
      "tests": [],
      "suites": [
        {
          "uuid": "f07cc8a0-f705-4a3b-bd7a-a45608d045c2",
          "title": "Listagem",
          "fullFile": "",
          "file": "",
          "beforeHooks": [],
          "afterHooks": [],
          "tests": [
            {
              "title": "Quando não houver cadastros, então a listagem deve estar vazia",
              "fullTitle": "Listagem Quando não houver cadastros, então a listagem deve estar vazia",
              "timedOut": null,
              "duration": 672,
              "state": "passed",
              "speed": "fast",
              "pass": true,
              "fail": false,
              "pending": false,
              "context": null,
              "code": "cy.fixture('listagem-vazia').then(conteudo => {\n  window.localStorage.setItem('data', JSON.stringify(conteudo));\n});\ncy.visit('https://form-agilizei.netlify.app/listagem.html'); //deve conter o tamanho\ncy.get('table tbody tr').should('have.length', 0);",
              "err": {},
              "uuid": "0ee06cdb-ec48-4704-9277-471d7b034724",
              "parentUUID": "f07cc8a0-f705-4a3b-bd7a-a45608d045c2",
              "isHook": false,
              "skipped": false
            },
            {
              "title": "Quando houver um ou mais cadastro, então a listagem deve exibir cada registro",
              "fullTitle": "Listagem Quando houver um ou mais cadastro, então a listagem deve exibir cada registro",
              "timedOut": null,
              "duration": 321,
              "state": "passed",
              "speed": "fast",
              "pass": true,
              "fail": false,
              "pending": false,
              "context": null,
              "code": "cy.fixture('listagem-com-itens').then(conteudo => {\n  window.localStorage.setItem('data', JSON.stringify(conteudo));\n});\ncy.visit('https://form-agilizei.netlify.app/listagem.html');\ncy.get('table tbody tr').should('have.length', 2);",
              "err": {},
              "uuid": "5012f687-1531-415b-b455-c6fd41394c4d",
              "parentUUID": "f07cc8a0-f705-4a3b-bd7a-a45608d045c2",
              "isHook": false,
              "skipped": false
            }
          ],
          "suites": [],
          "passes": [
            "0ee06cdb-ec48-4704-9277-471d7b034724",
            "5012f687-1531-415b-b455-c6fd41394c4d"
          ],
          "failures": [],
          "pending": [],
          "skipped": [],
          "duration": 993,
          "root": false,
          "rootEmpty": false,
          "_timeout": 2000
        }
      ],
      "passes": [],
      "failures": [],
      "pending": [],
      "skipped": [],
      "duration": 0,
      "root": true,
      "rootEmpty": true,
      "_timeout": 2000
    }
  ],
  "meta": {
    "mocha": {
      "version": "7.0.1"
    },
    "mochawesome": {
      "options": {
        "quiet": true,
        "reportFilename": "mochawesome",
        "saveHtml": false,
        "saveJson": true,
        "consoleReporter": "spec",
        "useInlineDiffs": false,
        "code": true
      },
      "version": "7.0.1"
    },
    "marge": {
      "options": {
        "id": "default",
        "reportDir": "mochawesome-report",
        "quiet": true,
        "overwrite": false,
        "html": false,
        "json": true
      },
      "version": "6.0.1"
    }
  }
}